srun: Job step aborted: Waiting up to 32 seconds for job step to finish.
slurmstepd: error: *** STEP 22423074.0 ON nid00447 CANCELLED AT 2019-06-20T18:10:43 DUE TO TIME LIMIT ***
srun: got SIGCONT
srun: forcing job termination
srun: error: nid00447: task 3: Terminated
srun: Terminating job step 22423074.0
